[debug] [2026-03-24T01:07:22.876Z] ----------------------------------------------------------------------
[debug] [2026-03-24T01:07:22.877Z] Command:       /Users/apple/.nvm/versions/node/v20.19.4/bin/node /Users/apple/.nvm/versions/node/v20.19.4/bin/firebase init hosting
[debug] [2026-03-24T01:07:22.878Z] CLI Version:   15.11.0
[debug] [2026-03-24T01:07:22.878Z] Platform:      darwin
[debug] [2026-03-24T01:07:22.878Z] Node Version:  v20.19.4
[debug] [2026-03-24T01:07:22.878Z] Time:          Tue Mar 24 2026 08:07:22 GMT+0700 (Indochina Time)
[debug] [2026-03-24T01:07:22.878Z] ----------------------------------------------------------------------
[debug] 
[info] 
     ######## #### ########  ######## ########     ###     ######  ########
     ##        ##  ##     ## ##       ##     ##  ##   ##  ##       ##
     ######    ##  ########  ######   ########  #########  ######  ######
     ##        ##  ##    ##  ##       ##     ## ##     ##       ## ##
     ##       #### ##     ## ######## ########  ##     ##  ######  ########

You're about to initialize a Firebase project in this directory:

  /Users/apple/firebase-hosting

[info] 
=== Project Setup
[info] 
[info] First, let's associate this project directory with a Firebase project.
[info] You can create multiple project aliases by running firebase use --add, 
[info] 
[debug] [2026-03-24T01:07:23.358Z] > command requires scopes: ["email","openid","https://www.googleapis.com/auth/cloudplatformprojects.readonly","https://www.googleapis.com/auth/firebase","https://www.googleapis.com/auth/cloud-platform"]
[debug] [2026-03-24T01:07:23.359Z] > authorizing via signed-in user (chan.ekmongkol24@kit.edu.kh)
[debug] [2026-03-24T01:07:23.359Z] Checked if tokens are valid: true, expires at: 1774317935063
[debug] [2026-03-24T01:07:23.359Z] Checked if tokens are valid: true, expires at: 1774317935063
[debug] [2026-03-24T01:07:23.360Z] >>> [apiv2][query] GET https://firebase.googleapis.com/v1beta1/projects/fir-hosting-c89c9 [none]
[debug] [2026-03-24T01:07:24.037Z] <<< [apiv2][status] GET https://firebase.googleapis.com/v1beta1/projects/fir-hosting-c89c9 200
[debug] [2026-03-24T01:07:24.037Z] <<< [apiv2][body] GET https://firebase.googleapis.com/v1beta1/projects/fir-hosting-c89c9 {"projectId":"fir-hosting-c89c9","projectNumber":"361841084292","displayName":"Firebase-Hosting","name":"projects/fir-hosting-c89c9","resources":{"hostingSite":"fir-hosting-c89c9"},"state":"ACTIVE","etag":"1_0042078e-1626-45d2-aab2-bb53f1edfcd7"}
[info] i  Using project fir-hosting-c89c9 (Firebase-Hosting) . 
[info] 
=== Hosting Setup
[info] 
[debug] [2026-03-24T01:07:32.513Z] Checked if tokens are valid: true, expires at: 1774317935063
[debug] [2026-03-24T01:07:32.513Z] Checked if tokens are valid: true, expires at: 1774317935063
[debug] [2026-03-24T01:07:32.513Z] >>> [apiv2][query] GET https://firebase.googleapis.com/v1beta1/projects/fir-hosting-c89c9 [none]
[debug] [2026-03-24T01:07:33.255Z] <<< [apiv2][status] GET https://firebase.googleapis.com/v1beta1/projects/fir-hosting-c89c9 200
[debug] [2026-03-24T01:07:33.255Z] <<< [apiv2][body] GET https://firebase.googleapis.com/v1beta1/projects/fir-hosting-c89c9 {"projectId":"fir-hosting-c89c9","projectNumber":"361841084292","displayName":"Firebase-Hosting","name":"projects/fir-hosting-c89c9","resources":{"hostingSite":"fir-hosting-c89c9"},"state":"ACTIVE","etag":"1_0042078e-1626-45d2-aab2-bb53f1edfcd7"}
[info] 
[info] Your public directory is the folder (relative to your project directory) that
[info] will contain Hosting assets to be uploaded with firebase deploy. If you
[info] have a build process for your assets, use your build's output directory.
[info] 
[info] 
[info] i  Detected a .git folder at /Users/apple 
[info] i  Authorizing with GitHub to upload your service account to a GitHub repository's secrets store. 
[info] 
[info] Visit this URL on this device to log in:
[info] https://github.com/login/oauth/authorize?client_id=89cf50f02ac6aaed3484&state=214285607&redirect_uri=http%3A%2F%2Flocalhost%3A9005&scope=read%3Auser%20repo%20public_repo
[info] 
[info] Waiting for authentication...
[debug] [2026-03-24T01:09:30.442Z] >>> [apiv2][query] POST https://github.com/login/oauth/access_token [none]
[debug] [2026-03-24T01:09:30.442Z] >>> [apiv2][body] POST https://github.com/login/oauth/access_token [stream]
[debug] [2026-03-24T01:09:31.524Z] <<< [apiv2][status] POST https://github.com/login/oauth/access_token 200
[debug] [2026-03-24T01:09:31.524Z] <<< [apiv2][body] POST https://github.com/login/oauth/access_token {"access_token":"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","token_type":"bearer","scope":"read:user,repo"}
[debug] [2026-03-24T01:09:31.537Z] >>> [apiv2][query] GET https://api.github.com/user [none]
[debug] [2026-03-24T01:09:32.033Z] <<< [apiv2][status] GET https://api.github.com/user 200
[debug] [2026-03-24T01:09:32.034Z] <<< [apiv2][body] GET https://api.github.com/user {"login":"M0nGKol","id":161059549,"node_id":"U_kgDOCZmS3Q","avatar_url":"https://avatars.githubusercontent.com/u/161059549?v=4","gravatar_id":"","url":"https://api.github.com/users/M0nGKol","html_url":"https://github.com/M0nGKol","followers_url":"https://api.github.com/users/M0nGKol/followers","following_url":"https://api.github.com/users/M0nGKol/following{/other_user}","gists_url":"https://api.github.com/users/M0nGKol/gists{/gist_id}","starred_url":"https://api.github.com/users/M0nGKol/starred{/owner}{/repo}","subscriptions_url":"https://api.github.com/users/M0nGKol/subscriptions","organizations_url":"https://api.github.com/users/M0nGKol/orgs","repos_url":"https://api.github.com/users/M0nGKol/repos","events_url":"https://api.github.com/users/M0nGKol/events{/privacy}","received_events_url":"https://api.github.com/users/M0nGKol/received_events","type":"User","user_view_type":"private","site_admin":false,"name":"Chan EkMongkol","company":null,"blog":"","location":null,"email":null,"hireable":null,"bio":null,"twitter_username":null,"notification_email":null,"public_repos":20,"public_gists":0,"followers":5,"following":3,"created_at":"2024-02-23T16:21:18Z","updated_at":"2026-03-23T07:15:55Z","private_gists":0,"total_private_repos":61,"owned_private_repos":59,"disk_usage":2963390,"collaborators":9,"two_factor_authentication":true,"plan":{"name":"pro","space":976562499,"collaborators":0,"private_repos":9999}}
[info] 
[info] ✔  Success! Logged into GitHub as M0nGKol 
[info] 
